sample.interval=20000
"grep" "is.ddsym" "cmpSym" "cmp" "cmpSubsetDispatch" "h" "tryInline" "cmpCall" "cmp" "cmpBuiltinArgs" "cmpDispatch" "h" "tryInline" "cmpCall" "cmp" "cmpComplexAssign" "h" "tryInline" "cmpCall" "cmp" "h" "tryInline" "cmpCall" "cmp" "cmpForBody" "h" "tryInline" "cmpCall" "cmp" "h" "tryInline" "cmpCall" "cmp" "cmpForBody" "h" "tryInline" "cmpCall" "cmp" "h" "tryInline" "cmpCall" "cmp" "genCode" "cmpfun" "doTryCatch" "tryCatchOne" "tryCatchList" "tryCatch" "compiler:::tryCmpfun" "bagging" 
"[.data.frame" "[" "bagging" 
"dim" "dim" "[.data.frame" "[" "bagging" 
"getExprSrcref" "cb$setcurexpr" "cmp" "h" "tryInline" "cmpCall" "cmp" "h" "tryInline" "cmpCall" "cmp" "h" "tryInline" "cmpCall" "cmp" "h" "tryInline" "cmpCall" "cmp" "genCode" "cmpfun" "doTryCatch" "tryCatchOne" "tryCatchList" "tryCatch" "compiler:::tryCmpfun" "expandNode" "createDecisionTreeModel" "bagging" 
"grep" "is.ddsym" "cmpSym" "cmp" "h" "tryInline" "cmpCall" "cmp" "genCode" "cb$putconst" "cmpCallArgs" "cmpCallSymFun" "cmpCall" "cmp" "cmpSymbolAssign" "h" "tryInline" "cmpCall" "cmp" "h" "tryInline" "cmpCall" "cmp" "h" "tryInline" "cmpCall" "cmp" "h" "tryInline" "cmpCall" "cmp" "cmpWhileBody" "h" "tryInline" "cmpCall" "cmp" "h" "tryInline" "cmpCall" "cmp" "genCode" "cmpfun" "doTryCatch" "tryCatchOne" "tryCatchList" "tryCatch" "compiler:::tryCmpfun" "expandNode" "createDecisionTreeModel" "bagging" 
"%in%" "findCenvVar" "getInlineInfo" "tryInline" "cmpCall" "cmp" "cmpSymbolAssign" "h" "tryInline" "cmpCall" "cmp" "h" "tryInline" "cmpCall" "cmp" "h" "tryInline" "cmpCall" "cmp" "h" "tryInline" "cmpCall" "cmp" "cmpForBody" "h" "tryInline" "cmpCall" "cmp" "h" "tryInline" "cmpCall" "cmp" "genCode" "cmpfun" "doTryCatch" "tryCatchOne" "tryCatchList" "tryCatch" "compiler:::tryCmpfun" "classificationEntropy" "expandNode" "createDecisionTreeModel" "bagging" 
"grep" "is.ddsym" "cmpSym" "cmp" "cmpSubsetDispatch" "h" "tryInline" "cmpCall" "cmp" "cmpPrim2" "h" "tryInline" "cmpCall" "cmp" "h" "tryInline" "cmpCall" "cmp" "cmpPrim2" "h" "tryInline" "cmpCall" "cmp" "cmpSymbolAssign" "h" "tryInline" "cmpCall" "cmp" "h" "tryInline" "cmpCall" "cmp" "genCode" "cmpfun" "doTryCatch" "tryCatchOne" "tryCatchList" "tryCatch" "compiler:::tryCmpfun" "splitNumVar" "expandNode" "createDecisionTreeModel" "bagging" 
"cb$patchlabels" "codeBufCode" "genCode" "cmpfun" "doTryCatch" "tryCatchOne" "tryCatchList" "tryCatch" "compiler:::tryCmpfun" "splitNumVar" "expandNode" "createDecisionTreeModel" "bagging" 
"levels" "noNA.levels" "Ops.factor" "splitNumVar" "expandNode" "createDecisionTreeModel" "bagging" 
"NextMethod" "[.factor" "[" "splitNumVar" "expandNode" "createDecisionTreeModel" "bagging" 
"levels" "as.vector" "as.vector.factor" "as.vector" "as.vector" "as.matrix.data.frame" "as.matrix" "t.data.frame" "t" "classificationEntropy" "expandNode" "createDecisionTreeModel" "bagging" 
"[.factor" "[" "splitNumVar" "expandNode" "createDecisionTreeModel" "bagging" 
"match.arg" "sort.int" "Ops.factor" "splitNumVar" "expandNode" "expandNode" "createDecisionTreeModel" "bagging" 
"NextMethod" "[.table" "[" "simpleClassificationEntropy" "splitNumVar" "expandNode" "expandNode" "createDecisionTreeModel" "bagging" 
"FUN" "eval" "eval" "Ops.data.frame" "mean" "FUN" "lapply" "sapply" "leafValue" "expandNode" "expandNode" "expandNode" "createDecisionTreeModel" "bagging" 
"[<-.data.frame" "[<-" "bagging" 
"simpleClassificationEntropy" "splitNumVar" "expandNode" "createDecisionTreeModel" "bagging" 
"is.na" "noNA.levels" "Ops.factor" "splitNumVar" "expandNode" "createDecisionTreeModel" "bagging" 
"NextMethod" "[.table" "[" "simpleClassificationEntropy" "splitNumVar" "expandNode" "createDecisionTreeModel" "bagging" 
"Ops.factor" "splitNumVar" "expandNode" "createDecisionTreeModel" "bagging" 
"[.table" "[" "simpleClassificationEntropy" "splitNumVar" "expandNode" "expandNode" "createDecisionTreeModel" "bagging" 
"levels" "noNA.levels" "Ops.factor" "splitNumVar" "expandNode" "expandNode" "createDecisionTreeModel" "bagging" 
"[<-.data.frame" "[<-" "bagging" 
"levels" "noNA.levels" "Ops.factor" "splitNumVar" "expandNode" "createDecisionTreeModel" "bagging" 
"as.list" "list.names" "table" "simpleClassificationEntropy" "splitNumVar" "expandNode" "createDecisionTreeModel" "bagging" 
"[.factor" "[" "splitNumVar" "expandNode" "createDecisionTreeModel" "bagging" 
"is.factor" "sort.int" "Ops.factor" "splitNumVar" "expandNode" "createDecisionTreeModel" "bagging" 
"levels" "table" "simpleClassificationEntropy" "splitNumVar" "expandNode" "expandNode" "createDecisionTreeModel" "bagging" 
"[.table" "[" "simpleClassificationEntropy" "splitNumVar" "expandNode" "expandNode" "createDecisionTreeModel" "bagging" 
"sort.int" "Ops.factor" "splitNumVar" "expandNode" "expandNode" "createDecisionTreeModel" "bagging" 
"[<-.data.frame" "[<-" "bagging" 
"formals" "match.arg" "sort.int" "Ops.factor" "splitNumVar" "expandNode" "createDecisionTreeModel" "bagging" 
"Ops.factor" "splitNumVar" "expandNode" "createDecisionTreeModel" "bagging" 
"formals" "match.arg" "table" "simpleClassificationEntropy" "splitNumVar" "expandNode" "createDecisionTreeModel" "bagging" 
"length" "simpleClassificationEntropy" "splitNumVar" "expandNode" "createDecisionTreeModel" "bagging" 
"splitNumVar" "expandNode" "expandNode" "createDecisionTreeModel" "bagging" 
"levels" "table" "simpleClassificationEntropy" "splitNumVar" "expandNode" "expandNode" "createDecisionTreeModel" "bagging" 
"list.names" "table" "simpleClassificationEntropy" "splitNumVar" "expandNode" "expandNode" "createDecisionTreeModel" "bagging" 
"match.fun" "vapply" "[<-.data.frame" "[<-" "bagging" 
"table" "simpleClassificationEntropy" "splitNumVar" "expandNode" "createDecisionTreeModel" "bagging" 
"+" "NextMethod" "[.factor" "[" "splitNumVar" "expandNode" "createDecisionTreeModel" "bagging" 
"[" "simpleClassificationEntropy" "splitNumVar" "expandNode" "createDecisionTreeModel" "bagging" 
"vapply" "list.names" "table" "simpleClassificationEntropy" "splitNumVar" "expandNode" "createDecisionTreeModel" "bagging" 
"splitNumVar" "expandNode" "expandNode" "createDecisionTreeModel" "bagging" 
"list.names" "table" "simpleClassificationEntropy" "splitNumVar" "expandNode" "expandNode" "createDecisionTreeModel" "bagging" 
"<Anonymous>" "[[.data.frame" "[[" "[.data.frame" "[" "bagging" 
"sort.int" "Ops.factor" "splitNumVar" "expandNode" "createDecisionTreeModel" "bagging" 
"table" "simpleClassificationEntropy" "splitNumVar" "expandNode" "createDecisionTreeModel" "bagging" 
"[" "simpleClassificationEntropy" "splitNumVar" "expandNode" "createDecisionTreeModel" "bagging" 
"simpleClassificationEntropy" "splitNumVar" "expandNode" "createDecisionTreeModel" "bagging" 
"as.list.default" "as.list" "list.names" "table" "simpleClassificationEntropy" "splitNumVar" "expandNode" "expandNode" "createDecisionTreeModel" "bagging" 
"eval" "match.arg" "sort.int" "Ops.factor" "splitNumVar" "expandNode" "expandNode" "createDecisionTreeModel" "bagging" 
"as.list.default" "as.list" "list.names" "table" "simpleClassificationEntropy" "splitNumVar" "expandNode" "expandNode" "createDecisionTreeModel" "bagging" 
"%in%" "[<-.data.frame" "[<-" "bagging" 
"dim.data.frame" "dim" "dim" "nrow" "splitNumVar" "expandNode" "createDecisionTreeModel" "bagging" 
"dim" "dim" "[.table" "[" "simpleClassificationEntropy" "splitNumVar" "expandNode" "createDecisionTreeModel" "bagging" 
"oldClass" "[.factor" "[" "splitNumVar" "expandNode" "createDecisionTreeModel" "bagging" 
"NextMethod" "[.factor" "[" "splitNumVar" "expandNode" "createDecisionTreeModel" "bagging" 
"simpleClassificationEntropy" "splitNumVar" "expandNode" "expandNode" "createDecisionTreeModel" "bagging" 
"[.table" "[" "classificationEntropy" "expandNode" "expandNode" "createDecisionTreeModel" "bagging" 
"[" "[.data.frame" "[" "bagging" 
"levels" "noNA.levels" "Ops.factor" "splitNumVar" "expandNode" "createDecisionTreeModel" "bagging" 
"match.arg" "sort.int" "Ops.factor" "splitNumVar" "expandNode" "createDecisionTreeModel" "bagging" 
"NextMethod" "[.factor" "[" "splitNumVar" "expandNode" "createDecisionTreeModel" "bagging" 
"NextMethod" "[.factor" "[" "splitNumVar" "expandNode" "createDecisionTreeModel" "bagging" 
"eval" "match.arg" "table" "simpleClassificationEntropy" "splitNumVar" "expandNode" "expandNode" "createDecisionTreeModel" "bagging" 
"match.arg" "sort.int" "Ops.factor" "splitNumVar" "expandNode" "expandNode" "createDecisionTreeModel" "bagging" 
"matrix" "Ops.data.frame" "mean" "FUN" "lapply" "sapply" "leafValue" "expandNode" "expandNode" "expandNode" "createDecisionTreeModel" "bagging" 
"[" "splitNumVar" "expandNode" "createDecisionTreeModel" "bagging" 
"simpleClassificationEntropy" "splitNumVar" "expandNode" "createDecisionTreeModel" "bagging" 
"as.character" "eval" "match.arg" "sort.int" "Ops.factor" "splitNumVar" "expandNode" "createDecisionTreeModel" "bagging" 
"as.matrix.data.frame" "as.matrix" "t.data.frame" "t" "classificationEntropy" "expandNode" "createDecisionTreeModel" "bagging" 
"Ops.factor" "splitNumVar" "expandNode" "expandNode" "createDecisionTreeModel" "bagging" 
"sort.int" "Ops.factor" "splitNumVar" "expandNode" "expandNode" "createDecisionTreeModel" "bagging" 
"[.data.frame" "[" "expandNode" "expandNode" "createDecisionTreeModel" "bagging" 
"[" "[.data.frame" "[" "bagging" 
"splitNumVar" "expandNode" "createDecisionTreeModel" "bagging" 
"levels" "noNA.levels" "Ops.factor" "splitNumVar" "expandNode" "createDecisionTreeModel" "bagging" 
"eval" "match.arg" "sort.int" "Ops.factor" "splitNumVar" "expandNode" "createDecisionTreeModel" "bagging" 
"Ops.factor" "splitNumVar" "expandNode" "expandNode" "createDecisionTreeModel" "bagging" 
"[.factor" "[" "splitNumVar" "expandNode" "expandNode" "createDecisionTreeModel" "bagging" 
"sort.int" "Ops.factor" "splitNumVar" "expandNode" "expandNode" "createDecisionTreeModel" "bagging" 
"[[" "[.data.frame" "[" "bagging" 
"length" "length" "splitNumVar" "expandNode" "createDecisionTreeModel" "bagging" 
"tabulate" "array" "table" "simpleClassificationEntropy" "splitNumVar" "expandNode" "createDecisionTreeModel" "bagging" 
"NextMethod" "[.factor" "[" "splitNumVar" "expandNode" "createDecisionTreeModel" "bagging" 
"Ops.factor" "splitNumVar" "expandNode" "createDecisionTreeModel" "bagging" 
"match.arg" "sort.int" "Ops.factor" "splitNumVar" "expandNode" "expandNode" "createDecisionTreeModel" "bagging" 
"NextMethod" "[.table" "[" "simpleClassificationEntropy" "splitNumVar" "expandNode" "expandNode" "createDecisionTreeModel" "bagging" 
"[<-.data.frame" "[<-" "bagging" 
"NextMethod" "[.table" "[" "simpleClassificationEntropy" "splitNumVar" "expandNode" "createDecisionTreeModel" "bagging" 
"formals" "match.arg" "table" "simpleClassificationEntropy" "splitNumVar" "expandNode" "createDecisionTreeModel" "bagging" 
"splitNumVar" "expandNode" "createDecisionTreeModel" "bagging" 
"sort.int" "Ops.factor" "splitNumVar" "expandNode" "createDecisionTreeModel" "bagging" 
"sort.int" "Ops.factor" "splitNumVar" "expandNode" "expandNode" "createDecisionTreeModel" "bagging" 
"sort.int" "Ops.factor" "splitNumVar" "expandNode" "expandNode" "createDecisionTreeModel" "bagging" 
"[" "bagging" 
"eval" "match.arg" "sort.int" "Ops.factor" "splitNumVar" "expandNode" "createDecisionTreeModel" "bagging" 
"Ops.factor" "splitNumVar" "expandNode" "createDecisionTreeModel" "bagging" 
"simpleClassificationEntropy" "splitNumVar" "expandNode" "createDecisionTreeModel" "bagging" 
"levels" "noNA.levels" "Ops.factor" "splitNumVar" "expandNode" "createDecisionTreeModel" "bagging" 
"levels" "noNA.levels" "Ops.factor" "splitNumVar" "expandNode" "expandNode" "createDecisionTreeModel" "bagging" 
"is.list" "eval" "match.arg" "sort.int" "Ops.factor" "splitNumVar" "expandNode" "expandNode" "createDecisionTreeModel" "bagging" 
"dim" "dim" "[.table" "[" "simpleClassificationEntropy" "splitNumVar" "expandNode" "expandNode" "createDecisionTreeModel" "bagging" 
"[[.data.frame" "[[" "[.data.frame" "[" "bagging" 
"sort.int" "Ops.factor" "splitNumVar" "expandNode" "createDecisionTreeModel" "bagging" 
"[.factor" "[" "[.data.frame" "[" "expandNode" "createDecisionTreeModel" "bagging" 
"NextMethod" "[.factor" "[" "splitNumVar" "expandNode" "createDecisionTreeModel" "bagging" 
"sort.list" "factor" "table" "classificationEntropy" "expandNode" "expandNode" "createDecisionTreeModel" "bagging" 
"sort.int" "Ops.factor" "splitNumVar" "expandNode" "expandNode" "createDecisionTreeModel" "bagging" 
"eval" "match.arg" "table" "simpleClassificationEntropy" "splitNumVar" "expandNode" "expandNode" "createDecisionTreeModel" "bagging" 
"[<-.data.frame" "[<-" "bagging" 
"sort.int" "Ops.factor" "splitNumVar" "expandNode" "createDecisionTreeModel" "bagging" 
"eval" "match.arg" "table" "simpleClassificationEntropy" "splitNumVar" "expandNode" "createDecisionTreeModel" "bagging" 
"NextMethod" "[.table" "[" "simpleClassificationEntropy" "splitNumVar" "expandNode" "createDecisionTreeModel" "bagging" 
"attr" "[.factor" "[" "splitNumVar" "expandNode" "createDecisionTreeModel" "bagging" 
"NextMethod" "[.factor" "[" "splitNumVar" "expandNode" "expandNode" "createDecisionTreeModel" "bagging" 
"[.table" "[" "simpleClassificationEntropy" "splitNumVar" "expandNode" "expandNode" "createDecisionTreeModel" "bagging" 
"[.factor" "[" "splitNumVar" "expandNode" "expandNode" "createDecisionTreeModel" "bagging" 
"[.data.frame" "[" "bagging" 
"simpleClassificationEntropy" "splitNumVar" "expandNode" "createDecisionTreeModel" "bagging" 
"is.na" "is.na" "Ops.factor" "splitNumVar" "expandNode" "createDecisionTreeModel" "bagging" 
"c" "eval" "eval" "match.arg" "table" "simpleClassificationEntropy" "splitNumVar" "expandNode" "createDecisionTreeModel" "bagging" 
"prod" "table" "simpleClassificationEntropy" "splitNumVar" "expandNode" "expandNode" "createDecisionTreeModel" "bagging" 
"splitNumVar" "expandNode" "expandNode" "createDecisionTreeModel" "bagging" 
"[[.data.frame" "[[" "[.data.frame" "[" "bagging" 
"match.arg" "sort.int" "Ops.factor" "splitNumVar" "expandNode" "createDecisionTreeModel" "bagging" 
"eval" "eval" "match.arg" "sort.int" "Ops.factor" "splitNumVar" "expandNode" "createDecisionTreeModel" "bagging" 
"Ops.factor" "splitNumVar" "expandNode" "createDecisionTreeModel" "bagging" 
"sort.int" "Ops.factor" "splitNumVar" "expandNode" "createDecisionTreeModel" "bagging" 
"[.factor" "[" "splitNumVar" "expandNode" "expandNode" "createDecisionTreeModel" "bagging" 
"[.factor" "[" "splitNumVar" "expandNode" "expandNode" "createDecisionTreeModel" "bagging" 
"splitNumVar" "expandNode" "expandNode" "createDecisionTreeModel" "bagging" 
"is.na" "Ops.factor" "splitNumVar" "expandNode" "expandNode" "createDecisionTreeModel" "bagging" 
"[.data.frame" "[" "bagging" 
"sort.int" "Ops.factor" "splitNumVar" "expandNode" "createDecisionTreeModel" "bagging" 
"parent.frame" "eval" "match.arg" "sort.int" "Ops.factor" "splitNumVar" "expandNode" "createDecisionTreeModel" "bagging" 
"tabulate" "array" "table" "simpleClassificationEntropy" "splitNumVar" "expandNode" "createDecisionTreeModel" "bagging" 
"array" "table" "simpleClassificationEntropy" "splitNumVar" "expandNode" "createDecisionTreeModel" "bagging" 
"splitNumVar" "expandNode" "expandNode" "createDecisionTreeModel" "bagging" 
"NextMethod" "Ops.factor" "splitNumVar" "expandNode" "expandNode" "createDecisionTreeModel" "bagging" 
"sys.call" "%in%" "[[.data.frame" "[[" "[.data.frame" "[" "bagging" 
"NextMethod" "Ops.factor" "splitNumVar" "expandNode" "createDecisionTreeModel" "bagging" 
"sort.int" "Ops.factor" "splitNumVar" "expandNode" "createDecisionTreeModel" "bagging" 
"table" "classificationEntropy" "expandNode" "createDecisionTreeModel" "bagging" 
"[" "splitNumVar" "expandNode" "createDecisionTreeModel" "bagging" 
"is.factor" "sort.int" "Ops.factor" "splitNumVar" "expandNode" "expandNode" "createDecisionTreeModel" "bagging" 
"[.factor" "[" "splitNumVar" "expandNode" "expandNode" "createDecisionTreeModel" "bagging" 
"[<-.data.frame" "[<-" "bagging" 
"length" "length" "splitNumVar" "expandNode" "createDecisionTreeModel" "bagging" 
"sort.int" "Ops.factor" "splitNumVar" "expandNode" "createDecisionTreeModel" "bagging" 
"sort.int" "Ops.factor" "splitNumVar" "expandNode" "createDecisionTreeModel" "bagging" 
"dim" "dim" "[.table" "[" "simpleClassificationEntropy" "splitNumVar" "expandNode" "createDecisionTreeModel" "bagging" 
"simpleClassificationEntropy" "splitNumVar" "expandNode" "expandNode" "createDecisionTreeModel" "bagging" 
"as.list" "list.names" "table" "simpleClassificationEntropy" "splitNumVar" "expandNode" "expandNode" "createDecisionTreeModel" "bagging" 
"[<-.data.frame" "[<-" "bagging" 
"formals" "match.arg" "sort.int" "Ops.factor" "splitNumVar" "expandNode" "createDecisionTreeModel" "bagging" 
"eval" "match.arg" "sort.int" "Ops.factor" "splitNumVar" "expandNode" "createDecisionTreeModel" "bagging" 
"simpleClassificationEntropy" "splitNumVar" "expandNode" "createDecisionTreeModel" "bagging" 
"list.names" "table" "simpleClassificationEntropy" "splitNumVar" "expandNode" "createDecisionTreeModel" "bagging" 
"NextMethod" "[.table" "[" "classificationEntropy" "expandNode" "expandNode" "createDecisionTreeModel" "bagging" 
"list.names" "table" "simpleClassificationEntropy" "splitNumVar" "expandNode" "expandNode" "createDecisionTreeModel" "bagging" 
"NextMethod" "[.factor" "[" "[.data.frame" "[" "bagging" 
"[.factor" "[" "splitNumVar" "expandNode" "createDecisionTreeModel" "bagging" 
"NextMethod" "[.table" "[" "simpleClassificationEntropy" "splitNumVar" "expandNode" "createDecisionTreeModel" "bagging" 
"sort.int" "Ops.factor" "splitNumVar" "expandNode" "createDecisionTreeModel" "bagging" 
"simpleClassificationEntropy" "splitNumVar" "expandNode" "createDecisionTreeModel" "bagging" 
"splitNumVar" "expandNode" "expandNode" "createDecisionTreeModel" "bagging" 
"is.na" "Ops.factor" "splitNumVar" "expandNode" "expandNode" "createDecisionTreeModel" "bagging" 
"noNA.levels" "Ops.factor" "splitNumVar" "expandNode" "expandNode" "createDecisionTreeModel" "bagging" 
"[" "[.data.frame" "[" "bagging" 
"list.names" "table" "simpleClassificationEntropy" "splitNumVar" "expandNode" "createDecisionTreeModel" "bagging" 
"all" "Ops.factor" "splitNumVar" "expandNode" "createDecisionTreeModel" "bagging" 
"sys.function" "formals" "match.arg" "sort.int" "Ops.factor" "splitNumVar" "expandNode" "createDecisionTreeModel" "bagging" 
"levels" "noNA.levels" "Ops.factor" "FUN" "eval" "eval" "Ops.data.frame" "mean" "FUN" "lapply" "sapply" "leafValue" "expandNode" "expandNode" "createDecisionTreeModel" "bagging" 
"is.na" "is.na" "Ops.factor" "splitNumVar" "expandNode" "expandNode" "createDecisionTreeModel" "bagging" 
"table" "simpleClassificationEntropy" "splitNumVar" "expandNode" "expandNode" "createDecisionTreeModel" "bagging" 
"[<-.data.frame" "[<-" "bagging" 
"is.factor" "sort.int" "Ops.factor" "splitNumVar" "expandNode" "createDecisionTreeModel" "bagging" 
"dim" "[.table" "[" "simpleClassificationEntropy" "splitNumVar" "expandNode" "createDecisionTreeModel" "bagging" 
"sort.int" "Ops.factor" "splitNumVar" "expandNode" "createDecisionTreeModel" "bagging" 
"sort.int" "Ops.factor" "splitNumVar" "expandNode" "createDecisionTreeModel" "bagging" 
"is.na<-" "as.matrix.data.frame" "as.matrix" "t.data.frame" "t" "classificationEntropy" "expandNode" "expandNode" "createDecisionTreeModel" "bagging" 
"formals" "match.arg" "sort.int" "Ops.factor" "splitNumVar" "expandNode" "expandNode" "createDecisionTreeModel" "bagging" 
"length" "table" "simpleClassificationEntropy" "splitNumVar" "expandNode" "expandNode" "createDecisionTreeModel" "bagging" 
"anyDuplicated" "[<-.data.frame" "[<-" "bagging" 
"c" "eval" "eval" "match.arg" "sort.int" "Ops.factor" "splitNumVar" "expandNode" "createDecisionTreeModel" "bagging" 
"Ops.factor" "splitNumVar" "expandNode" "createDecisionTreeModel" "bagging" 
"NextMethod" "Ops.factor" "splitNumVar" "expandNode" "createDecisionTreeModel" "bagging" 
"unique.default" "unique" "factor" "table" "classificationEntropy" "expandNode" "createDecisionTreeModel" "bagging" 
"sort.list" "factor" "table" "classificationEntropy" "expandNode" "expandNode" "createDecisionTreeModel" "bagging" 
"Ops.factor" "splitNumVar" "expandNode" "expandNode" "createDecisionTreeModel" "bagging" 
"[<-.data.frame" "[<-" "bagging" 
"sort.int" "Ops.factor" "splitNumVar" "expandNode" "createDecisionTreeModel" "bagging" 
"order" "splitNumVar" "expandNode" "createDecisionTreeModel" "bagging" 
"as.vector" "simpleClassificationEntropy" "splitNumVar" "expandNode" "createDecisionTreeModel" "bagging" 
"noNA.levels" "Ops.factor" "splitNumVar" "expandNode" "createDecisionTreeModel" "bagging" 
"levels" "noNA.levels" "Ops.factor" "splitNumVar" "expandNode" "expandNode" "createDecisionTreeModel" "bagging" 
"sys.parent" "sys.function" "formals" "match.arg" "table" "simpleClassificationEntropy" "splitNumVar" "expandNode" "expandNode" "createDecisionTreeModel" "bagging" 
"c" "table" "simpleClassificationEntropy" "splitNumVar" "expandNode" "expandNode" "createDecisionTreeModel" "bagging" 
"unlist" "as.matrix.data.frame" "as.matrix" "t.data.frame" "t" "classificationEntropy" "expandNode" "expandNode" "createDecisionTreeModel" "bagging" 
"levels" "[<-.factor" "[<-" "[<-.data.frame" "[<-" "bagging" 
"[.factor" "[" "[.data.frame" "[" "bagging" 
"NextMethod" "[.table" "[" "simpleClassificationEntropy" "splitNumVar" "expandNode" "createDecisionTreeModel" "bagging" 
"[" "simpleClassificationEntropy" "splitNumVar" "expandNode" "createDecisionTreeModel" "bagging" 
"length" "length" "simpleClassificationEntropy" "splitNumVar" "expandNode" "createDecisionTreeModel" "bagging" 
"names" "names" "[.data.frame" "[" "mean" "FUN" "lapply" "sapply" "leafValue" "expandNode" "expandNode" "createDecisionTreeModel" "bagging" 
"sort.int" "Ops.factor" "splitNumVar" "expandNode" "expandNode" "createDecisionTreeModel" "bagging" 
"simpleClassificationEntropy" "splitNumVar" "expandNode" "expandNode" "createDecisionTreeModel" "bagging" 
"levels" "[<-.factor" "[<-" "[<-.data.frame" "[<-" "bagging" 
"NextMethod" "Ops.factor" "splitNumVar" "expandNode" "createDecisionTreeModel" "bagging" 
"+" "NextMethod" "[.factor" "[" "splitNumVar" "expandNode" "createDecisionTreeModel" "bagging" 
"order" "NextMethod" "[.factor" "[" "splitNumVar" "expandNode" "createDecisionTreeModel" "bagging" 
"is.na" "sort.int" "Ops.factor" "splitNumVar" "expandNode" "createDecisionTreeModel" "bagging" 
"sys.function" "formals" "match.arg" "sort.int" "Ops.factor" "splitNumVar" "expandNode" "expandNode" "createDecisionTreeModel" "bagging" 
"simpleClassificationEntropy" "splitNumVar" "expandNode" "expandNode" "createDecisionTreeModel" "bagging" 
"[.data.frame" "[" "bagging" 
"is.na" "is.na" "Ops.factor" "splitNumVar" "expandNode" "createDecisionTreeModel" "bagging" 
"simpleClassificationEntropy" "splitNumVar" "expandNode" "createDecisionTreeModel" "bagging" 
"NextMethod" "[.table" "[" "simpleClassificationEntropy" "splitNumVar" "expandNode" "createDecisionTreeModel" "bagging" 
"NextMethod" "[.table" "[" "simpleClassificationEntropy" "splitNumVar" "expandNode" "createDecisionTreeModel" "bagging" 
"[.table" "[" "simpleClassificationEntropy" "splitNumVar" "expandNode" "expandNode" "createDecisionTreeModel" "bagging" 
"levels" "table" "simpleClassificationEntropy" "splitNumVar" "expandNode" "expandNode" "createDecisionTreeModel" "bagging" 
"attr" "[.factor" "[" "[.data.frame" "[" "bagging" 
"is.factor" "sort.int" "Ops.factor" "splitNumVar" "expandNode" "createDecisionTreeModel" "bagging" 
"is.numeric" "sort.int" "Ops.factor" "splitNumVar" "expandNode" "createDecisionTreeModel" "bagging" 
"as.vector" "simpleClassificationEntropy" "splitNumVar" "expandNode" "createDecisionTreeModel" "bagging" 
"eval" "match.arg" "sort.int" "Ops.factor" "splitNumVar" "expandNode" "createDecisionTreeModel" "bagging" 
"simpleClassificationEntropy" "splitNumVar" "expandNode" "expandNode" "createDecisionTreeModel" "bagging" 
"match.arg" "table" "simpleClassificationEntropy" "splitNumVar" "expandNode" "expandNode" "createDecisionTreeModel" "bagging" 
"[<-.data.frame" "[<-" "bagging" 
"sys.parent" "sys.function" "formals" "match.arg" "sort.int" "Ops.factor" "splitNumVar" "expandNode" "createDecisionTreeModel" "bagging" 
"NextMethod" "[.table" "[" "simpleClassificationEntropy" "splitNumVar" "expandNode" "createDecisionTreeModel" "bagging" 
"splitNumVar" "expandNode" "createDecisionTreeModel" "bagging" 
"levels" "noNA.levels" "Ops.factor" "splitNumVar" "expandNode" "createDecisionTreeModel" "bagging" 
"simpleClassificationEntropy" "splitNumVar" "expandNode" "expandNode" "createDecisionTreeModel" "bagging" 
"formals" "match.arg" "sort.int" "Ops.factor" "splitNumVar" "expandNode" "expandNode" "createDecisionTreeModel" "bagging" 
"eval" "match.arg" "sort.int" "Ops.factor" "splitNumVar" "expandNode" "expandNode" "createDecisionTreeModel" "bagging" 
"levels" "[<-.factor" "[<-" "[<-.data.frame" "[<-" "bagging" 
"sys.function" "formals" "match.arg" "sort.int" "Ops.factor" "splitNumVar" "expandNode" "createDecisionTreeModel" "bagging" 
"is.factor" "sort.int" "Ops.factor" "splitNumVar" "expandNode" "createDecisionTreeModel" "bagging" 
"Ops.factor" "splitNumVar" "expandNode" "createDecisionTreeModel" "bagging" 
"NextMethod" "[.factor" "[" "splitNumVar" "expandNode" "expandNode" "createDecisionTreeModel" "bagging" 
"[" "simpleClassificationEntropy" "splitNumVar" "expandNode" "expandNode" "createDecisionTreeModel" "bagging" 
"matrix" "Ops.data.frame" "mean" "FUN" "lapply" "sapply" "leafValue" "expandNode" "expandNode" "expandNode" "createDecisionTreeModel" "bagging" 
"NextMethod" "[.table" "[" "classificationEntropy" "expandNode" "createDecisionTreeModel" "bagging" 
"is.factor" "sort.int" "Ops.factor" "splitNumVar" "expandNode" "createDecisionTreeModel" "bagging" 
"[.factor" "[" "splitNumVar" "expandNode" "createDecisionTreeModel" "bagging" 
"get" "Ops.data.frame" "<" "[.data.frame" "[" "expandNode" "createDecisionTreeModel" "bagging" 
"levels" "table" "simpleClassificationEntropy" "splitNumVar" "expandNode" "expandNode" "createDecisionTreeModel" "bagging" 
"levels" "table" "simpleClassificationEntropy" "splitNumVar" "expandNode" "expandNode" "createDecisionTreeModel" "bagging" 
"NextMethod" "[.factor" "[" "splitNumVar" "expandNode" "expandNode" "createDecisionTreeModel" "bagging" 
"[<-.factor" "[<-" "[<-.data.frame" "[<-" "bagging" 
"[.table" "[" "simpleClassificationEntropy" "splitNumVar" "expandNode" "createDecisionTreeModel" "bagging" 
"is.na" "Ops.factor" "splitNumVar" "expandNode" "createDecisionTreeModel" "bagging" 
"match.arg" "sort.int" "Ops.factor" "splitNumVar" "expandNode" "createDecisionTreeModel" "bagging" 
"formals" "match.arg" "table" "simpleClassificationEntropy" "splitNumVar" "expandNode" "createDecisionTreeModel" "bagging" 
"eval" "match.arg" "table" "classificationEntropy" "expandNode" "expandNode" "createDecisionTreeModel" "bagging" 
"[" "splitNumVar" "expandNode" "expandNode" "createDecisionTreeModel" "bagging" 
"classificationEntropy" "expandNode" "expandNode" "createDecisionTreeModel" "bagging" 
"[.data.frame" "[" "bagging" 
"vapply" "list.names" "table" "simpleClassificationEntropy" "splitNumVar" "expandNode" "createDecisionTreeModel" "bagging" 
"NextMethod" "[.table" "[" "simpleClassificationEntropy" "splitNumVar" "expandNode" "createDecisionTreeModel" "bagging" 
"NextMethod" "[.factor" "[" "splitNumVar" "expandNode" "createDecisionTreeModel" "bagging" 
"factor" "unique.default" "unique" "expandNode" "expandNode" "createDecisionTreeModel" "bagging" 
"[.table" "[" "simpleClassificationEntropy" "splitNumVar" "expandNode" "expandNode" "createDecisionTreeModel" "bagging" 
"dim" "dim" "[.table" "[" "simpleClassificationEntropy" "splitNumVar" "expandNode" "expandNode" "createDecisionTreeModel" "bagging" 
"[<-.data.frame" "[<-" "bagging" 
"noNA.levels" "Ops.factor" "splitNumVar" "expandNode" "createDecisionTreeModel" "bagging" 
"splitNumVar" "expandNode" "createDecisionTreeModel" "bagging" 
"[.factor" "[" "splitNumVar" "expandNode" "createDecisionTreeModel" "bagging" 
"as.list" "list.names" "table" "simpleClassificationEntropy" "splitNumVar" "expandNode" "createDecisionTreeModel" "bagging" 
"sort.int" "Ops.factor" "splitNumVar" "expandNode" "expandNode" "createDecisionTreeModel" "bagging" 
"Ops.factor" "splitNumVar" "expandNode" "expandNode" "createDecisionTreeModel" "bagging" 
"matrix" "Ops.data.frame" ">=" "[.data.frame" "[" "expandNode" "expandNode" "createDecisionTreeModel" "bagging" 
"sort.list" "factor" "table" "classificationEntropy" "expandNode" "createDecisionTreeModel" "bagging" 
"NextMethod" "Ops.factor" "splitNumVar" "expandNode" "createDecisionTreeModel" "bagging" 
"dim" "dim" "[.table" "[" "simpleClassificationEntropy" "splitNumVar" "expandNode" "createDecisionTreeModel" "bagging" 
"attr" "[.factor" "[" "splitNumVar" "expandNode" "createDecisionTreeModel" "bagging" 
"formals" "match.arg" "sort.int" "Ops.factor" "splitNumVar" "expandNode" "expandNode" "createDecisionTreeModel" "bagging" 
"splitNumVar" "expandNode" "expandNode" "createDecisionTreeModel" "bagging" 
"levels" "noNA.levels" "Ops.factor" "splitNumVar" "expandNode" "expandNode" "createDecisionTreeModel" "bagging" 
"levels" "[<-.factor" "[<-" "[<-.data.frame" "[<-" "bagging" 
"sys.call" "%in%" "[.data.frame" "[" "splitNumVar" "expandNode" "createDecisionTreeModel" "bagging" 
"[.table" "[" "simpleClassificationEntropy" "splitNumVar" "expandNode" "createDecisionTreeModel" "bagging" 
"simpleClassificationEntropy" "splitNumVar" "expandNode" "createDecisionTreeModel" "bagging" 
"[.factor" "[" "splitNumVar" "expandNode" "createDecisionTreeModel" "bagging" 
"NextMethod" "[.factor" "[" "splitNumVar" "expandNode" "expandNode" "createDecisionTreeModel" "bagging" 
".subset" "[.data.frame" "[" "splitNumVar" "expandNode" "expandNode" "createDecisionTreeModel" "bagging" 
"[<-.data.frame" "[<-" "bagging" 
"splitNumVar" "expandNode" "createDecisionTreeModel" "bagging" 
"[" "splitNumVar" "expandNode" "createDecisionTreeModel" "bagging" 
"Ops.factor" "splitNumVar" "expandNode" "createDecisionTreeModel" "bagging" 
"sys.parent" "sys.function" "formals" "match.arg" "sort.int" "Ops.factor" "splitNumVar" "expandNode" "createDecisionTreeModel" "bagging" 
"is.na" "noNA.levels" "Ops.factor" "splitNumVar" "expandNode" "expandNode" "createDecisionTreeModel" "bagging" 
"formals" "match.arg" "table" "simpleClassificationEntropy" "splitNumVar" "expandNode" "expandNode" "createDecisionTreeModel" "bagging" 
"[.data.frame" "[" "bagging" 
"NextMethod" "[.factor" "[" "splitNumVar" "expandNode" "createDecisionTreeModel" "bagging" 
"splitNumVar" "expandNode" "createDecisionTreeModel" "bagging" 
"NextMethod" "[.table" "[" "simpleClassificationEntropy" "splitNumVar" "expandNode" "createDecisionTreeModel" "bagging" 
"eval" "match.arg" "sort.int" "Ops.factor" "splitNumVar" "expandNode" "createDecisionTreeModel" "bagging" 
"NextMethod" "[.table" "[" "simpleClassificationEntropy" "splitNumVar" "expandNode" "expandNode" "createDecisionTreeModel" "bagging" 
"length" "Ops.factor" "splitNumVar" "expandNode" "expandNode" "createDecisionTreeModel" "bagging" 
"vapply" "[<-.data.frame" "[<-" "bagging" 
"NextMethod" "[.table" "[" "simpleClassificationEntropy" "splitNumVar" "expandNode" "createDecisionTreeModel" "bagging" 
"is.factor" "sort.int" "Ops.factor" "splitNumVar" "expandNode" "createDecisionTreeModel" "bagging" 
"Ops.factor" "splitNumVar" "expandNode" "createDecisionTreeModel" "bagging" 
"attr" "[.factor" "[" "splitNumVar" "expandNode" "createDecisionTreeModel" "bagging" 
"sort.int" "Ops.factor" "splitNumVar" "expandNode" "expandNode" "createDecisionTreeModel" "bagging" 
"length" "length" "simpleClassificationEntropy" "splitNumVar" "expandNode" "expandNode" "createDecisionTreeModel" "bagging" 
"sample.int" "sample" "bagging" 
"eval" "match.arg" "sort.int" "Ops.factor" "splitNumVar" "expandNode" "createDecisionTreeModel" "bagging" 
"match.arg" "sort.int" "Ops.factor" "splitNumVar" "expandNode" "createDecisionTreeModel" "bagging" 
"[.table" "[" "simpleClassificationEntropy" "splitNumVar" "expandNode" "createDecisionTreeModel" "bagging" 
"NextMethod" "Ops.factor" "splitNumVar" "expandNode" "createDecisionTreeModel" "bagging" 
"sort.int" "Ops.factor" "splitNumVar" "expandNode" "expandNode" "createDecisionTreeModel" "bagging" 
"[.table" "[" "simpleClassificationEntropy" "splitNumVar" "expandNode" "expandNode" "createDecisionTreeModel" "bagging" 
"integer" "table" "simpleClassificationEntropy" "splitNumVar" "expandNode" "expandNode" "createDecisionTreeModel" "bagging" 
"as.list.default" "as.list" "vapply" "[<-.data.frame" "[<-" "bagging" 
"splitNumVar" "expandNode" "createDecisionTreeModel" "bagging" 
"[" "splitNumVar" "expandNode" "createDecisionTreeModel" "bagging" 
"NextMethod" "[.table" "[" "simpleClassificationEntropy" "splitNumVar" "expandNode" "createDecisionTreeModel" "bagging" 
"[" "simpleClassificationEntropy" "splitNumVar" "expandNode" "expandNode" "createDecisionTreeModel" "bagging" 
"levels" "noNA.levels" "Ops.factor" "splitNumVar" "expandNode" "expandNode" "createDecisionTreeModel" "bagging" 
"NextMethod" "[.table" "[" "simpleClassificationEntropy" "splitNumVar" "expandNode" "expandNode" "createDecisionTreeModel" "bagging" 
"NextMethod" "[.factor" "[" "[.data.frame" "[" "bagging" 
"[" "splitNumVar" "expandNode" "createDecisionTreeModel" "bagging" 
"simpleClassificationEntropy" "splitNumVar" "expandNode" "createDecisionTreeModel" "bagging" 
"c" "match.arg" "table" "simpleClassificationEntropy" "splitNumVar" "expandNode" "createDecisionTreeModel" "bagging" 
"is.factor" "sort.int" "Ops.factor" "splitNumVar" "expandNode" "expandNode" "createDecisionTreeModel" "bagging" 
"levels.default" "levels" "noNA.levels" "Ops.factor" "splitNumVar" "expandNode" "expandNode" "createDecisionTreeModel" "bagging" 
"[" "simpleClassificationEntropy" "splitNumVar" "expandNode" "expandNode" "createDecisionTreeModel" "bagging" 
"[.data.frame" "[" "bagging" 
"simpleClassificationEntropy" "splitNumVar" "expandNode" "createDecisionTreeModel" "bagging" 
"is.numeric" "sort.int" "Ops.factor" "splitNumVar" "expandNode" "createDecisionTreeModel" "bagging" 
"Ops.factor" "splitNumVar" "expandNode" "createDecisionTreeModel" "bagging" 
"levels" "noNA.levels" "Ops.factor" "splitNumVar" "expandNode" "expandNode" "createDecisionTreeModel" "bagging" 
"as.list" "list.names" "table" "simpleClassificationEntropy" "splitNumVar" "expandNode" "expandNode" "createDecisionTreeModel" "bagging" 
"table" "simpleClassificationEntropy" "splitNumVar" "expandNode" "expandNode" "createDecisionTreeModel" "bagging" 
"[<-.factor" "[<-" "[<-.data.frame" "[<-" "bagging" 
"length" "length" "splitNumVar" "expandNode" "createDecisionTreeModel" "bagging" 
"NextMethod" "[.table" "[" "simpleClassificationEntropy" "splitNumVar" "expandNode" "createDecisionTreeModel" "bagging" 
"list.names" "table" "simpleClassificationEntropy" "splitNumVar" "expandNode" "createDecisionTreeModel" "bagging" 
"sys.function" "formals" "match.arg" "sort.int" "Ops.factor" "splitNumVar" "expandNode" "createDecisionTreeModel" "bagging" 
"classificationEntropy" "expandNode" "expandNode" "createDecisionTreeModel" "bagging" 
"parent.frame" "eval" "match.arg" "sort.int" "Ops.factor" "splitNumVar" "expandNode" "expandNode" "createDecisionTreeModel" "bagging" 
"levels" "[<-.factor" "[<-" "[<-.data.frame" "[<-" "bagging" 
"[" "splitNumVar" "expandNode" "createDecisionTreeModel" "bagging" 
"NextMethod" "[.table" "[" "simpleClassificationEntropy" "splitNumVar" "expandNode" "createDecisionTreeModel" "bagging" 
"vapply" "list.names" "table" "simpleClassificationEntropy" "splitNumVar" "expandNode" "createDecisionTreeModel" "bagging" 
"NextMethod" "[.table" "[" "simpleClassificationEntropy" "splitNumVar" "expandNode" "expandNode" "createDecisionTreeModel" "bagging" 
"NextMethod" "[.factor" "[" "splitNumVar" "expandNode" "expandNode" "createDecisionTreeModel" "bagging" 
"match.arg" "sort.int" "Ops.factor" "splitNumVar" "expandNode" "expandNode" "createDecisionTreeModel" "bagging" 
"[<-" "bagging" 
"table" "simpleClassificationEntropy" "splitNumVar" "expandNode" "createDecisionTreeModel" "bagging" 
"splitNumVar" "expandNode" "createDecisionTreeModel" "bagging" 
"levels" "noNA.levels" "Ops.factor" "splitNumVar" "expandNode" "createDecisionTreeModel" "bagging" 
"unique.matrix" "unique" "factor" "table" "classificationEntropy" "expandNode" "createDecisionTreeModel" "bagging" 
"[" "splitNumVar" "expandNode" "expandNode" "createDecisionTreeModel" "bagging" 
"NextMethod" "[.factor" "[" "splitNumVar" "expandNode" "expandNode" "createDecisionTreeModel" "bagging" 
"[<-.data.frame" "[<-" "bagging" 
"match.arg" "sort.int" "Ops.factor" "splitNumVar" "expandNode" "createDecisionTreeModel" "bagging" 
"simpleClassificationEntropy" "splitNumVar" "expandNode" "createDecisionTreeModel" "bagging" 
"simpleClassificationEntropy" "splitNumVar" "expandNode" "createDecisionTreeModel" "bagging" 
"NextMethod" "[.table" "[" "simpleClassificationEntropy" "splitNumVar" "expandNode" "createDecisionTreeModel" "bagging" 
"[" "simpleClassificationEntropy" "splitNumVar" "expandNode" "expandNode" "createDecisionTreeModel" "bagging" 
"dim" "[.table" "[" "simpleClassificationEntropy" "splitNumVar" "expandNode" "expandNode" "createDecisionTreeModel" "bagging" 
"levels" "[<-.factor" "[<-" "[<-.data.frame" "[<-" "bagging" 
"as.character" "eval" "match.arg" "sort.int" "Ops.factor" "splitNumVar" "expandNode" "createDecisionTreeModel" "bagging" 
"noNA.levels" "Ops.factor" "splitNumVar" "expandNode" "createDecisionTreeModel" "bagging" 
"sort.int" "Ops.factor" "splitNumVar" "expandNode" "createDecisionTreeModel" "bagging" 
"as.vector" "simpleClassificationEntropy" "splitNumVar" "expandNode" "createDecisionTreeModel" "bagging" 
"sort.int" "Ops.factor" "splitNumVar" "expandNode" "expandNode" "createDecisionTreeModel" "bagging" 
"sort.int" "Ops.factor" "splitNumVar" "expandNode" "expandNode" "createDecisionTreeModel" "bagging" 
"[" "simpleClassificationEntropy" "splitNumVar" "expandNode" "expandNode" "createDecisionTreeModel" "bagging" 
"[<-.data.frame" "[<-" "bagging" 
"levels" "as.matrix.data.frame" "as.matrix" "t.data.frame" "t" "classificationEntropy" "expandNode" "createDecisionTreeModel" "bagging" 
"[" "simpleClassificationEntropy" "splitNumVar" "expandNode" "createDecisionTreeModel" "bagging" 
"eval" "eval" "match.arg" "table" "simpleClassificationEntropy" "splitNumVar" "expandNode" "createDecisionTreeModel" "bagging" 
"NextMethod" "[.table" "[" "simpleClassificationEntropy" "splitNumVar" "expandNode" "createDecisionTreeModel" "bagging" 
"as.list" "list.names" "table" "simpleClassificationEntropy" "splitNumVar" "expandNode" "expandNode" "createDecisionTreeModel" "bagging" 
"Ops.factor" "splitNumVar" "expandNode" "expandNode" "createDecisionTreeModel" "bagging" 
"[<-.data.frame" "[<-" "bagging" 
"sort.int" "Ops.factor" "splitNumVar" "expandNode" "createDecisionTreeModel" "bagging" 
"levels" "noNA.levels" "Ops.factor" "splitNumVar" "expandNode" "createDecisionTreeModel" "bagging" 
"[.factor" "[" "splitNumVar" "expandNode" "createDecisionTreeModel" "bagging" 
"vapply" "list.names" "table" "simpleClassificationEntropy" "splitNumVar" "expandNode" "createDecisionTreeModel" "bagging" 
"simpleClassificationEntropy" "splitNumVar" "expandNode" "expandNode" "createDecisionTreeModel" "bagging" 
"table" "simpleClassificationEntropy" "splitNumVar" "expandNode" "expandNode" "createDecisionTreeModel" "bagging" 
"table" "classificationEntropy" "expandNode" "expandNode" "createDecisionTreeModel" "bagging" 
"sys.call" "%in%" "[[.data.frame" "[[" "[.data.frame" "[" "bagging" 
"length" "simpleClassificationEntropy" "splitNumVar" "expandNode" "createDecisionTreeModel" "bagging" 
"table" "simpleClassificationEntropy" "splitNumVar" "expandNode" "createDecisionTreeModel" "bagging" 
"sort.list" "factor" "table" "classificationEntropy" "expandNode" "createDecisionTreeModel" "bagging" 
"NextMethod" "[.factor" "[" "splitNumVar" "expandNode" "createDecisionTreeModel" "bagging" 
"levels" "table" "simpleClassificationEntropy" "splitNumVar" "expandNode" "expandNode" "createDecisionTreeModel" "bagging" 
"NextMethod" "[.factor" "[" "splitNumVar" "expandNode" "expandNode" "createDecisionTreeModel" "bagging" 
"levels" "noNA.levels" "Ops.factor" "splitNumVar" "expandNode" "expandNode" "createDecisionTreeModel" "bagging" 
"[[.data.frame" "[[" "[.data.frame" "[" "bagging" 
"Ops.factor" "splitNumVar" "expandNode" "createDecisionTreeModel" "bagging" 
"length" "as.matrix.data.frame" "as.matrix" "t.data.frame" "t" "as.vector" "expandNode" "createDecisionTreeModel" "bagging" 
"[.table" "[" "simpleClassificationEntropy" "splitNumVar" "expandNode" "createDecisionTreeModel" "bagging" 
"sort.int" "Ops.factor" "splitNumVar" "expandNode" "createDecisionTreeModel" "bagging" 
"any" "sort.int" "Ops.factor" "splitNumVar" "expandNode" "expandNode" "createDecisionTreeModel" "bagging" 
"vapply" "list.names" "table" "simpleClassificationEntropy" "splitNumVar" "expandNode" "expandNode" "createDecisionTreeModel" "bagging" 
"[.data.frame" "[" "bagging" 
"eval" "match.arg" "sort.int" "Ops.factor" "splitNumVar" "expandNode" "createDecisionTreeModel" "bagging" 
"NextMethod" "[.factor" "[" "splitNumVar" "expandNode" "createDecisionTreeModel" "bagging" 
"sort.list" "factor" "table" "classificationEntropy" "expandNode" "createDecisionTreeModel" "bagging" 
"simpleClassificationEntropy" "splitNumVar" "expandNode" "createDecisionTreeModel" "bagging" 
"NextMethod" "Ops.factor" "splitNumVar" "expandNode" "expandNode" "createDecisionTreeModel" "bagging" 
"[.factor" "[" "splitNumVar" "expandNode" "expandNode" "createDecisionTreeModel" "bagging" 
"[[.data.frame" "[[" "[.data.frame" "[" "bagging" 
"is.na" "sort.int" "Ops.factor" "splitNumVar" "expandNode" "createDecisionTreeModel" "bagging" 
"sort.int" "Ops.factor" "splitNumVar" "expandNode" "createDecisionTreeModel" "bagging" 
"is.factor" "sort.int" "Ops.factor" "splitNumVar" "expandNode" "createDecisionTreeModel" "bagging" 
"Ops.factor" "splitNumVar" "expandNode" "createDecisionTreeModel" "bagging" 
"Ops.factor" "splitNumVar" "expandNode" "expandNode" "createDecisionTreeModel" "bagging" 
"sort.int" "Ops.factor" "splitNumVar" "expandNode" "expandNode" "createDecisionTreeModel" "bagging" 
"[.data.frame" "[" "expandNode" "expandNode" "createDecisionTreeModel" "bagging" 
"[.data.frame" "[" "expandNode" "expandNode" "createDecisionTreeModel" "bagging" 
"sort.list" "factor" "table" "classificationEntropy" "expandNode" "expandNode" "createDecisionTreeModel" "bagging" 
"sort.list" "factor" "table" "classificationEntropy" "expandNode" "createDecisionTreeModel" "bagging" 
"match.arg" "sort.int" "Ops.factor" "splitNumVar" "expandNode" "createDecisionTreeModel" "bagging" 
"length" "length" "dim.data.frame" "dim" "dim" "nrow" "splitNumVar" "expandNode" "createDecisionTreeModel" "bagging" 
"[.data.frame" "[" "as.vector" "t" "classificationEntropy" "expandNode" "createDecisionTreeModel" "bagging" 
"array" "table" "simpleClassificationEntropy" "splitNumVar" "expandNode" "expandNode" "createDecisionTreeModel" "bagging" 
"match.arg" "table" "simpleClassificationEntropy" "splitNumVar" "expandNode" "expandNode" "createDecisionTreeModel" "bagging" 
"simpleClassificationEntropy" "splitNumVar" "expandNode" "expandNode" "createDecisionTreeModel" "bagging" 
"[<-.data.frame" "[<-" "bagging" 
"sort.int" "Ops.factor" "splitNumVar" "expandNode" "createDecisionTreeModel" "bagging" 
"splitNumVar" "expandNode" "createDecisionTreeModel" "bagging" 
"levels" "noNA.levels" "Ops.factor" "splitNumVar" "expandNode" "createDecisionTreeModel" "bagging" 
"as.character" "row.names.data.frame" "row.names" "as.matrix.data.frame" "as.matrix" "t.data.frame" "t" "classificationEntropy" "expandNode" "createDecisionTreeModel" "bagging" 
"log2" "simpleClassificationEntropy" "splitNumVar" "expandNode" "expandNode" "createDecisionTreeModel" "bagging" 
"NextMethod" "[.factor" "[" "splitNumVar" "expandNode" "expandNode" "createDecisionTreeModel" "bagging" 
"[<-.data.frame" "[<-" "bagging" 
"[.factor" "[" "splitNumVar" "expandNode" "createDecisionTreeModel" "bagging" 
"eval" "match.arg" "sort.int" "Ops.factor" "splitNumVar" "expandNode" "createDecisionTreeModel" "bagging" 
"c" "eval" "eval" "match.arg" "table" "simpleClassificationEntropy" "splitNumVar" "expandNode" "createDecisionTreeModel" "bagging" 
"formals" "match.arg" "sort.int" "Ops.factor" "splitNumVar" "expandNode" "createDecisionTreeModel" "bagging" 
"as.list" "list.names" "table" "simpleClassificationEntropy" "splitNumVar" "expandNode" "expandNode" "createDecisionTreeModel" "bagging" 
"Ops.factor" "splitNumVar" "expandNode" "expandNode" "createDecisionTreeModel" "bagging" 
"Ops.factor" "splitNumVar" "expandNode" "expandNode" "createDecisionTreeModel" "bagging" 
"Ops.factor" "splitNumVar" "expandNode" "expandNode" "createDecisionTreeModel" "bagging" 
"NextMethod" "[.factor" "[" "splitNumVar" "expandNode" "expandNode" "createDecisionTreeModel" "bagging" 
"[<-.data.frame" "[<-" "bagging" 
"sort.int" "Ops.factor" "splitNumVar" "expandNode" "createDecisionTreeModel" "bagging" 
"sort.int" "Ops.factor" "splitNumVar" "expandNode" "createDecisionTreeModel" "bagging" 
"formals" "match.arg" "sort.int" "Ops.factor" "splitNumVar" "expandNode" "createDecisionTreeModel" "bagging" 
"c" "table" "simpleClassificationEntropy" "splitNumVar" "expandNode" "createDecisionTreeModel" "bagging" 
"sort.list" "factor" "table" "classificationEntropy" "expandNode" "expandNode" "createDecisionTreeModel" "bagging" 
"[.factor" "[" "splitNumVar" "expandNode" "expandNode" "createDecisionTreeModel" "bagging" 
"[<-.data.frame" "[<-" "bagging" 
"match.arg" "sort.int" "Ops.factor" "splitNumVar" "expandNode" "createDecisionTreeModel" "bagging" 
"match.arg" "sort.int" "Ops.factor" "splitNumVar" "expandNode" "createDecisionTreeModel" "bagging" 
"unique.default" "unique" "factor" "table" "classificationEntropy" "expandNode" "createDecisionTreeModel" "bagging" 
"[.factor" "[" "splitNumVar" "expandNode" "createDecisionTreeModel" "bagging" 
"table" "simpleClassificationEntropy" "splitNumVar" "expandNode" "expandNode" "createDecisionTreeModel" "bagging" 
"Ops.factor" "splitNumVar" "expandNode" "expandNode" "createDecisionTreeModel" "bagging" 
"[<-.data.frame" "[<-" "bagging" 
"eval" "match.arg" "table" "simpleClassificationEntropy" "splitNumVar" "expandNode" "createDecisionTreeModel" "bagging" 
"classificationEntropy" "expandNode" "createDecisionTreeModel" "bagging" 
"levels" "noNA.levels" "Ops.factor" "splitNumVar" "expandNode" "createDecisionTreeModel" "bagging" 
"is.factor" "sort.int" "Ops.factor" "splitNumVar" "expandNode" "createDecisionTreeModel" "bagging" 
"as.list" "list.names" "table" "simpleClassificationEntropy" "splitNumVar" "expandNode" "expandNode" "createDecisionTreeModel" "bagging" 
"formals" "match.arg" "sort.int" "Ops.factor" "splitNumVar" "expandNode" "expandNode" "createDecisionTreeModel" "bagging" 
"length" "length" "FUN" "vapply" "[<-.data.frame" "[<-" "bagging" 
"[<-.factor" "[<-" "[<-.data.frame" "[<-" "bagging" 
"[.factor" "[" "splitNumVar" "expandNode" "createDecisionTreeModel" "bagging" 
"dim" "[.table" "[" "simpleClassificationEntropy" "splitNumVar" "expandNode" "createDecisionTreeModel" "bagging" 
"sort.list" "factor" "table" "classificationEntropy" "expandNode" "createDecisionTreeModel" "bagging" 
"match.arg" "table" "simpleClassificationEntropy" "splitNumVar" "expandNode" "createDecisionTreeModel" "bagging" 
"NextMethod" "[.factor" "[" "splitNumVar" "expandNode" "expandNode" "createDecisionTreeModel" "bagging" 
"is.na" "sort.int" "Ops.factor" "splitNumVar" "expandNode" "expandNode" "createDecisionTreeModel" "bagging" 
"match.arg" "table" "simpleClassificationEntropy" "splitNumVar" "expandNode" "expandNode" "createDecisionTreeModel" "bagging" 
"[.factor" "[" "splitNumVar" "expandNode" "expandNode" "createDecisionTreeModel" "bagging" 
"[<-" "[<-.data.frame" "[<-" "bagging" 
"anyDuplicated" "[<-.data.frame" "[<-" "bagging" 
"match.arg" "table" "simpleClassificationEntropy" "splitNumVar" "expandNode" "createDecisionTreeModel" "bagging" 
"table" "simpleClassificationEntropy" "splitNumVar" "expandNode" "createDecisionTreeModel" "bagging" 
"NextMethod" "Ops.factor" "splitNumVar" "expandNode" "createDecisionTreeModel" "bagging" 
"sort.list" "factor" "table" "classificationEntropy" "expandNode" "createDecisionTreeModel" "bagging" 
"table" "simpleClassificationEntropy" "splitNumVar" "expandNode" "expandNode" "createDecisionTreeModel" "bagging" 
"sort.int" "Ops.factor" "splitNumVar" "expandNode" "expandNode" "createDecisionTreeModel" "bagging" 
"vapply" "[<-.data.frame" "[<-" "bagging" 
"levels" "noNA.levels" "Ops.factor" "splitNumVar" "expandNode" "createDecisionTreeModel" "bagging" 
"as.integer" "table" "simpleClassificationEntropy" "splitNumVar" "expandNode" "createDecisionTreeModel" "bagging" 
"parent.frame" "eval" "match.arg" "sort.int" "Ops.factor" "splitNumVar" "expandNode" "createDecisionTreeModel" "bagging" 
"paste" "expandNode" "createDecisionTreeModel" "bagging" 
"levels" "noNA.levels" "Ops.factor" "splitNumVar" "expandNode" "expandNode" "createDecisionTreeModel" "bagging" 
"simpleClassificationEntropy" "splitNumVar" "expandNode" "expandNode" "createDecisionTreeModel" "bagging" 
"[<-.data.frame" "[<-" "bagging" 
"NextMethod" "[.table" "[" "simpleClassificationEntropy" "splitNumVar" "expandNode" "createDecisionTreeModel" "bagging" 
"splitNumVar" "expandNode" "createDecisionTreeModel" "bagging" 
"dim" "dim" "[.table" "[" "simpleClassificationEntropy" "splitNumVar" "expandNode" "createDecisionTreeModel" "bagging" 
"NextMethod" "[.table" "[" "simpleClassificationEntropy" "splitNumVar" "expandNode" "createDecisionTreeModel" "bagging" 
"sort.int" "Ops.factor" "splitNumVar" "expandNode" "expandNode" "createDecisionTreeModel" "bagging" 
"[" "simpleClassificationEntropy" "splitNumVar" "expandNode" "expandNode" "createDecisionTreeModel" "bagging" 
"dim" "dim" "FUN" "vapply" "[<-.data.frame" "[<-" "bagging" 
"NextMethod" "[.table" "[" "simpleClassificationEntropy" "splitNumVar" "expandNode" "createDecisionTreeModel" "bagging" 
"table" "simpleClassificationEntropy" "splitNumVar" "expandNode" "createDecisionTreeModel" "bagging" 
"vapply" "list.names" "table" "simpleClassificationEntropy" "splitNumVar" "expandNode" "createDecisionTreeModel" "bagging" 
"NextMethod" "[.table" "[" "simpleClassificationEntropy" "splitNumVar" "expandNode" "createDecisionTreeModel" "bagging" 
"splitNumVar" "expandNode" "expandNode" "createDecisionTreeModel" "bagging" 
"paste" "FUN" "apply" "unique.matrix" "unique" "factor" "table" "classificationEntropy" "expandNode" "expandNode" "createDecisionTreeModel" "bagging" 
"[" "simpleClassificationEntropy" "splitNumVar" "expandNode" "expandNode" "createDecisionTreeModel" "bagging" 
"sys.call" "%in%" "[[.data.frame" "[[" "[.data.frame" "[" "bagging" 
"length" "length" "table" "simpleClassificationEntropy" "splitNumVar" "expandNode" "createDecisionTreeModel" "bagging" 
"splitNumVar" "expandNode" "createDecisionTreeModel" "bagging" 
"unique" "factor" "table" "classificationEntropy" "expandNode" "createDecisionTreeModel" "bagging" 
"[" "splitNumVar" "expandNode" "createDecisionTreeModel" "bagging" 
"Ops.factor" "splitNumVar" "expandNode" "expandNode" "createDecisionTreeModel" "bagging" 
"[" "splitNumVar" "expandNode" "expandNode" "createDecisionTreeModel" "bagging" 
"NextMethod" "[.data.frame" "[" "mean" "FUN" "lapply" "sapply" "leafValue" "expandNode" "expandNode" "expandNode" "createDecisionTreeModel" "bagging" 
"Ops.factor" "splitNumVar" "expandNode" "createDecisionTreeModel" "bagging" 
"Ops.factor" "splitNumVar" "expandNode" "createDecisionTreeModel" "bagging" 
"[.factor" "[" "splitNumVar" "expandNode" "createDecisionTreeModel" "bagging" 
"sort.int" "Ops.factor" "splitNumVar" "expandNode" "createDecisionTreeModel" "bagging" 
"levels" "noNA.levels" "Ops.factor" "splitNumVar" "expandNode" "expandNode" "createDecisionTreeModel" "bagging" 
"match.arg" "sort.int" "Ops.factor" "splitNumVar" "expandNode" "expandNode" "createDecisionTreeModel" "bagging" 
"names" "names" "[.data.frame" "[" "splitNumVar" "expandNode" "expandNode" "createDecisionTreeModel" "bagging" 
"[<-.data.frame" "[<-" "bagging" 
"formals" "match.arg" "sort.int" "Ops.factor" "splitNumVar" "expandNode" "createDecisionTreeModel" "bagging" 
"sort.int" "Ops.factor" "splitNumVar" "expandNode" "createDecisionTreeModel" "bagging" 
"splitNumVar" "expandNode" "createDecisionTreeModel" "bagging" 
"eval" "match.arg" "table" "simpleClassificationEntropy" "splitNumVar" "expandNode" "expandNode" "createDecisionTreeModel" "bagging" 
"c" "eval" "eval" "match.arg" "sort.int" "Ops.factor" "splitNumVar" "expandNode" "expandNode" "createDecisionTreeModel" "bagging" 
"attr" "[.factor" "[" "splitNumVar" "expandNode" "expandNode" "createDecisionTreeModel" "bagging" 
"levels" "[<-.factor" "[<-" "[<-.data.frame" "[<-" "bagging" 
"as.list" "list.names" "table" "simpleClassificationEntropy" "splitNumVar" "expandNode" "createDecisionTreeModel" "bagging" 
"splitNumVar" "expandNode" "createDecisionTreeModel" "bagging" 
"any" "noNA.levels" "Ops.factor" "splitNumVar" "expandNode" "createDecisionTreeModel" "bagging" 
"Ops.factor" "splitNumVar" "expandNode" "createDecisionTreeModel" "bagging" 
"as.list" "list.names" "table" "simpleClassificationEntropy" "splitNumVar" "expandNode" "expandNode" "createDecisionTreeModel" "bagging" 
"table" "simpleClassificationEntropy" "splitNumVar" "expandNode" "expandNode" "createDecisionTreeModel" "bagging" 
"FUN" "vapply" "[<-.data.frame" "[<-" "bagging" 
"match.arg" "sort.int" "Ops.factor" "splitNumVar" "expandNode" "createDecisionTreeModel" "bagging" 
"table" "simpleClassificationEntropy" "splitNumVar" "expandNode" "createDecisionTreeModel" "bagging" 
"any" "noNA.levels" "Ops.factor" "splitNumVar" "expandNode" "createDecisionTreeModel" "bagging" 
"NextMethod" "[.table" "[" "simpleClassificationEntropy" "splitNumVar" "expandNode" "createDecisionTreeModel" "bagging" 
"splitNumVar" "expandNode" "expandNode" "createDecisionTreeModel" "bagging" 
"simpleClassificationEntropy" "splitNumVar" "expandNode" "expandNode" "createDecisionTreeModel" "bagging" 
"[<-" "bagging" 
"list.names" "table" "simpleClassificationEntropy" "splitNumVar" "expandNode" "createDecisionTreeModel" "bagging" 
"[" "simpleClassificationEntropy" "splitNumVar" "expandNode" "createDecisionTreeModel" "bagging" 
"sort.list" "factor" "table" "classificationEntropy" "expandNode" "createDecisionTreeModel" "bagging" 
"NextMethod" "[.factor" "[" "splitNumVar" "expandNode" "createDecisionTreeModel" "bagging" 
"simpleClassificationEntropy" "splitNumVar" "expandNode" "expandNode" "createDecisionTreeModel" "bagging" 
"dim" "dim" "nrow" "splitNumVar" "expandNode" "expandNode" "createDecisionTreeModel" "bagging" 
"eval" "match.arg" "table" "simpleClassificationEntropy" "splitNumVar" "expandNode" "expandNode" "createDecisionTreeModel" "bagging" 
"vapply" "[<-.data.frame" "[<-" "bagging" 
"eval" "match.arg" "table" "simpleClassificationEntropy" "splitNumVar" "expandNode" "createDecisionTreeModel" "bagging" 
"NextMethod" "Ops.factor" "splitNumVar" "expandNode" "createDecisionTreeModel" "bagging" 
"length" "[.table" "[" "simpleClassificationEntropy" "splitNumVar" "expandNode" "createDecisionTreeModel" "bagging" 
"matrix" "Ops.data.frame" "mean" "FUN" "lapply" "sapply" "leafValue" "expandNode" "expandNode" "createDecisionTreeModel" "bagging" 
"table" "simpleClassificationEntropy" "splitNumVar" "expandNode" "expandNode" "createDecisionTreeModel" "bagging" 
"formals" "match.arg" "table" "simpleClassificationEntropy" "splitNumVar" "expandNode" "expandNode" "createDecisionTreeModel" "bagging" 
"[[" "[.data.frame" "[" "bagging" 
"[" "simpleClassificationEntropy" "splitNumVar" "expandNode" "createDecisionTreeModel" "bagging" 
"eval" "match.arg" "sort.int" "Ops.factor" "splitNumVar" "expandNode" "createDecisionTreeModel" "bagging" 
"tabulate" "array" "table" "simpleClassificationEntropy" "splitNumVar" "expandNode" "createDecisionTreeModel" "bagging" 
"as.character" "row.names.data.frame" "row.names" "as.matrix.data.frame" "as.matrix" "t.data.frame" "t" "as.vector" "expandNode" "expandNode" "createDecisionTreeModel" "bagging" 
"table" "simpleClassificationEntropy" "splitNumVar" "expandNode" "expandNode" "createDecisionTreeModel" "bagging" 
"[.table" "[" "simpleClassificationEntropy" "splitNumVar" "expandNode" "expandNode" "createDecisionTreeModel" "bagging" 
"anyDuplicated" "[.data.frame" "[" "bagging" 
"[" "simpleClassificationEntropy" "splitNumVar" "expandNode" "createDecisionTreeModel" "bagging" 
"table" "simpleClassificationEntropy" "splitNumVar" "expandNode" "createDecisionTreeModel" "bagging" 
"as.integer" "table" "simpleClassificationEntropy" "splitNumVar" "expandNode" "createDecisionTreeModel" "bagging" 
"noNA.levels" "Ops.factor" "splitNumVar" "expandNode" "createDecisionTreeModel" "bagging" 
"noNA.levels" "Ops.factor" "splitNumVar" "expandNode" "expandNode" "createDecisionTreeModel" "bagging" 
"[" "splitNumVar" "expandNode" "expandNode" "createDecisionTreeModel" "bagging" 
"[.data.frame" "[" "bagging" 
"[" "simpleClassificationEntropy" "splitNumVar" "expandNode" "createDecisionTreeModel" "bagging" 
"match.fun" "vapply" "list.names" "table" "simpleClassificationEntropy" "splitNumVar" "expandNode" "createDecisionTreeModel" "bagging" 
"eval" "eval" "match.arg" "sort.int" "Ops.factor" "splitNumVar" "expandNode" "createDecisionTreeModel" "bagging" 
"Ops.factor" "splitNumVar" "expandNode" "createDecisionTreeModel" "bagging" 
"NextMethod" "[.factor" "[" "splitNumVar" "expandNode" "expandNode" "createDecisionTreeModel" "bagging" 
"simpleClassificationEntropy" "splitNumVar" "expandNode" "expandNode" "createDecisionTreeModel" "bagging" 
"structure" ".POSIXct" "Sys.time" "srcfilecopy" "parse" "eval" "predictFromDecisionTree" "bagging" 
"eval" "match.arg" "sort.int" "Ops.factor" "splitNumVar" "expandNode" "createDecisionTreeModel" "bagging" 
"NextMethod" "[.table" "[" "simpleClassificationEntropy" "splitNumVar" "expandNode" "createDecisionTreeModel" "bagging" 
"sort.int" "Ops.factor" "splitNumVar" "expandNode" "createDecisionTreeModel" "bagging" 
"eval" "match.arg" "sort.int" "Ops.factor" "splitNumVar" "expandNode" "createDecisionTreeModel" "bagging" 
"levels" "table" "simpleClassificationEntropy" "splitNumVar" "expandNode" "expandNode" "createDecisionTreeModel" "bagging" 
"simpleClassificationEntropy" "splitNumVar" "expandNode" "expandNode" "createDecisionTreeModel" "bagging" 
"sort.int" "Ops.factor" "splitNumVar" "expandNode" "expandNode" "createDecisionTreeModel" "bagging" 
"%in%" "[<-.data.frame" "[<-" "bagging" 
"splitNumVar" "expandNode" "createDecisionTreeModel" "bagging" 
"table" "simpleClassificationEntropy" "splitNumVar" "expandNode" "createDecisionTreeModel" "bagging" 
"dim" "dim" "[.table" "[" "simpleClassificationEntropy" "splitNumVar" "expandNode" "createDecisionTreeModel" "bagging" 
"[.table" "[" "simpleClassificationEntropy" "splitNumVar" "expandNode" "expandNode" "createDecisionTreeModel" "bagging" 
"[.factor" "[" "splitNumVar" "expandNode" "expandNode" "createDecisionTreeModel" "bagging" 
"eval" "eval" "match.arg" "sort.int" "Ops.factor" "splitNumVar" "expandNode" "expandNode" "createDecisionTreeModel" "bagging" 
"[[" "[.data.frame" "[" "bagging" 
"Ops.factor" "splitNumVar" "expandNode" "createDecisionTreeModel" "bagging" 
"NextMethod" "Ops.factor" "splitNumVar" "expandNode" "createDecisionTreeModel" "bagging" 
"splitNumVar" "expandNode" "createDecisionTreeModel" "bagging" 
"%in%" "[.data.frame" "[" "t" "as.vector" "expandNode" "expandNode" "createDecisionTreeModel" "bagging" 
"length" "length" "table" "simpleClassificationEntropy" "splitNumVar" "expandNode" "expandNode" "createDecisionTreeModel" "bagging" 
"formals" "match.arg" "sort.int" "Ops.factor" "splitNumVar" "expandNode" "expandNode" "createDecisionTreeModel" "bagging" 
"bagging" 
"NextMethod" "[.factor" "[" "splitNumVar" "expandNode" "createDecisionTreeModel" "bagging" 
"[.data.frame" "[" "expandNode" "createDecisionTreeModel" "bagging" 
"NextMethod" "[.table" "[" "simpleClassificationEntropy" "splitNumVar" "expandNode" "createDecisionTreeModel" "bagging" 
"[.table" "[" "simpleClassificationEntropy" "splitNumVar" "expandNode" "createDecisionTreeModel" "bagging" 
"table" "simpleClassificationEntropy" "splitNumVar" "expandNode" "expandNode" "createDecisionTreeModel" "bagging" 
"NextMethod" "Ops.factor" "splitNumVar" "expandNode" "expandNode" "createDecisionTreeModel" "bagging" 
"levels" "[<-.factor" "[<-" "[<-.data.frame" "[<-" "bagging" 
"match.arg" "sort.int" "Ops.factor" "splitNumVar" "expandNode" "createDecisionTreeModel" "bagging" 
"log2" "simpleClassificationEntropy" "splitNumVar" "expandNode" "createDecisionTreeModel" "bagging" 
"is.atomic" "sort.int" "Ops.factor" "splitNumVar" "expandNode" "createDecisionTreeModel" "bagging" 
"dim" "dim" "[.table" "[" "simpleClassificationEntropy" "splitNumVar" "expandNode" "createDecisionTreeModel" "bagging" 
"NextMethod" "[.table" "[" "simpleClassificationEntropy" "splitNumVar" "expandNode" "expandNode" "createDecisionTreeModel" "bagging" 
"[" "splitNumVar" "expandNode" "expandNode" "createDecisionTreeModel" "bagging" 
"NextMethod" "[.factor" "[" "splitNumVar" "expandNode" "expandNode" "createDecisionTreeModel" "bagging" 
"[[.data.frame" "[[" "[.data.frame" "[" "bagging" 
"[.data.frame" "[" "splitNumVar" "expandNode" "createDecisionTreeModel" "bagging" 
"vapply" "list.names" "table" "simpleClassificationEntropy" "splitNumVar" "expandNode" "createDecisionTreeModel" "bagging" 
"[.factor" "[" "splitNumVar" "expandNode" "createDecisionTreeModel" "bagging" 
"formals" "match.arg" "table" "simpleClassificationEntropy" "splitNumVar" "expandNode" "expandNode" "createDecisionTreeModel" "bagging" 
"noNA.levels" "Ops.factor" "splitNumVar" "expandNode" "expandNode" "createDecisionTreeModel" "bagging" 
"sys.parent" "sys.function" "formals" "match.arg" "sort.int" "Ops.factor" "splitNumVar" "expandNode" "expandNode" "createDecisionTreeModel" "bagging" 
"length" "length" "FUN" "vapply" "[<-.data.frame" "[<-" "bagging" 
"match.arg" "table" "simpleClassificationEntropy" "splitNumVar" "expandNode" "createDecisionTreeModel" "bagging" 
"sort.list" "factor" "table" "classificationEntropy" "expandNode" "createDecisionTreeModel" "bagging" 
"NextMethod" "[.table" "[" "simpleClassificationEntropy" "splitNumVar" "expandNode" "createDecisionTreeModel" "bagging" 
"c" "eval" "eval" "match.arg" "sort.int" "Ops.factor" "splitNumVar" "expandNode" "expandNode" "createDecisionTreeModel" "bagging" 
"splitNumVar" "expandNode" "expandNode" "createDecisionTreeModel" "bagging" 
"splitNumVar" "expandNode" "expandNode" "createDecisionTreeModel" "bagging" 
"[.data.frame" "[" "bagging" 
"array" "table" "simpleClassificationEntropy" "splitNumVar" "expandNode" "createDecisionTreeModel" "bagging" 
"dim" "dim" "[.table" "[" "simpleClassificationEntropy" "splitNumVar" "expandNode" "createDecisionTreeModel" "bagging" 
"FUN" "vapply" "list.names" "table" "simpleClassificationEntropy" "splitNumVar" "expandNode" "createDecisionTreeModel" "bagging" 
"NextMethod" "[.factor" "[" "splitNumVar" "expandNode" "expandNode" "createDecisionTreeModel" "bagging" 
"is.numeric" "sort.int" "Ops.factor" "splitNumVar" "expandNode" "expandNode" "createDecisionTreeModel" "bagging" 
"[" "splitNumVar" "expandNode" "expandNode" "createDecisionTreeModel" "bagging" 
"[<-.data.frame" "[<-" "bagging" 
"NextMethod" "Ops.factor" "splitNumVar" "expandNode" "createDecisionTreeModel" "bagging" 
"as.list" "list.names" "table" "simpleClassificationEntropy" "splitNumVar" "expandNode" "createDecisionTreeModel" "bagging" 
"Ops.factor" "splitNumVar" "expandNode" "createDecisionTreeModel" "bagging" 
"attr" "[.factor" "[" "splitNumVar" "expandNode" "expandNode" "createDecisionTreeModel" "bagging" 
"levels" "table" "simpleClassificationEntropy" "splitNumVar" "expandNode" "expandNode" "createDecisionTreeModel" "bagging" 
".row_names_info" "dim.data.frame" "dim" "dim" "nrow" "splitNumVar" "expandNode" "expandNode" "createDecisionTreeModel" "bagging" 
"[<-.data.frame" "[<-" "bagging" 
"simpleClassificationEntropy" "splitNumVar" "expandNode" "createDecisionTreeModel" "bagging" 
"NextMethod" "[.factor" "[" "splitNumVar" "expandNode" "createDecisionTreeModel" "bagging" 
"dim" "dim" "[.table" "[" "simpleClassificationEntropy" "splitNumVar" "expandNode" "createDecisionTreeModel" "bagging" 
"<" "[.data.frame" "[" "expandNode" "createDecisionTreeModel" "bagging" 
"match.arg" "sort.int" "Ops.factor" "splitNumVar" "expandNode" "expandNode" "createDecisionTreeModel" "bagging" 
"formals" "match.arg" "sort.int" "Ops.factor" "splitNumVar" "expandNode" "expandNode" "createDecisionTreeModel" "bagging" 
"[.data.frame" "[" "bagging" 
"NextMethod" "Ops.factor" "splitNumVar" "expandNode" "createDecisionTreeModel" "bagging" 
"Ops.factor" "splitNumVar" "expandNode" "createDecisionTreeModel" "bagging" 
"sort.int" "Ops.factor" "splitNumVar" "expandNode" "createDecisionTreeModel" "bagging" 
"as.list" "list.names" "table" "simpleClassificationEntropy" "splitNumVar" "expandNode" "createDecisionTreeModel" "bagging" 
"sort.int" "Ops.factor" "splitNumVar" "expandNode" "expandNode" "createDecisionTreeModel" "bagging" 
"NextMethod" "[.factor" "[" "splitNumVar" "expandNode" "expandNode" "createDecisionTreeModel" "bagging" 
"matrix" "Ops.data.frame" ">=" "[.data.frame" "[" "expandNode" "expandNode" "createDecisionTreeModel" "bagging" 
"as.vector" "as.vector" "t" "classificationEntropy" "expandNode" "createDecisionTreeModel" "bagging" 
"parent.frame" "eval" "match.arg" "sort.int" "Ops.factor" "splitNumVar" "expandNode" "createDecisionTreeModel" "bagging" 
"eval" "match.arg" "sort.int" "Ops.factor" "splitNumVar" "expandNode" "createDecisionTreeModel" "bagging" 
"levels" "table" "simpleClassificationEntropy" "splitNumVar" "expandNode" "createDecisionTreeModel" "bagging" 
"[.table" "[" "simpleClassificationEntropy" "splitNumVar" "expandNode" "expandNode" "createDecisionTreeModel" "bagging" 
"Ops.factor" "splitNumVar" "expandNode" "expandNode" "createDecisionTreeModel" "bagging" 
"sort.int" "Ops.factor" "splitNumVar" "expandNode" "expandNode" "createDecisionTreeModel" "bagging" 
"[[" "[.data.frame" "[" "bagging" 
"[.factor" "[" "splitNumVar" "expandNode" "createDecisionTreeModel" "bagging" 
"levels" "noNA.levels" "Ops.factor" "splitNumVar" "expandNode" "createDecisionTreeModel" "bagging" 
"array" "table" "simpleClassificationEntropy" "splitNumVar" "expandNode" "createDecisionTreeModel" "bagging" 
"[.factor" "[" "splitNumVar" "expandNode" "expandNode" "createDecisionTreeModel" "bagging" 
"[.factor" "[" "splitNumVar" "expandNode" "expandNode" "createDecisionTreeModel" "bagging" 
"NextMethod" "[.factor" "[" "splitNumVar" "expandNode" "expandNode" "createDecisionTreeModel" "bagging" 
"[.data.frame" "[" "bagging" 
"length" "table" "simpleClassificationEntropy" "splitNumVar" "expandNode" "createDecisionTreeModel" "bagging" 
"sys.function" "formals" "match.arg" "sort.int" "Ops.factor" "splitNumVar" "expandNode" "createDecisionTreeModel" "bagging" 
"[.table" "[" "simpleClassificationEntropy" "splitNumVar" "expandNode" "createDecisionTreeModel" "bagging" 
"NextMethod" "[.table" "[" "simpleClassificationEntropy" "splitNumVar" "expandNode" "expandNode" "createDecisionTreeModel" "bagging" 
"[" "simpleClassificationEntropy" "splitNumVar" "expandNode" "expandNode" "createDecisionTreeModel" "bagging" 
"sort.list" "factor" "table" "classificationEntropy" "expandNode" "expandNode" "createDecisionTreeModel" "bagging" 
"sort.list" "factor" "table" "classificationEntropy" "expandNode" "createDecisionTreeModel" "bagging" 
"Ops.factor" "splitNumVar" "expandNode" "createDecisionTreeModel" "bagging" 
"sort.int" "Ops.factor" "splitNumVar" "expandNode" "createDecisionTreeModel" "bagging" 
"match.arg" "sort.int" "Ops.factor" "splitNumVar" "expandNode" "createDecisionTreeModel" "bagging" 
"simpleClassificationEntropy" "splitNumVar" "expandNode" "expandNode" "createDecisionTreeModel" "bagging" 
"levels" "noNA.levels" "Ops.factor" "splitNumVar" "expandNode" "expandNode" "createDecisionTreeModel" "bagging" 
"[" "splitNumVar" "expandNode" "expandNode" "createDecisionTreeModel" "bagging" 
"NextMethod" "[.table" "[" "classificationEntropy" "expandNode" "createDecisionTreeModel" "bagging" 
"match.arg" "table" "simpleClassificationEntropy" "splitNumVar" "expandNode" "createDecisionTreeModel" "bagging" 
"levels" "table" "simpleClassificationEntropy" "splitNumVar" "expandNode" "createDecisionTreeModel" "bagging" 
"splitNumVar" "expandNode" "createDecisionTreeModel" "bagging" 
"simpleClassificationEntropy" "splitNumVar" "expandNode" "expandNode" "createDecisionTreeModel" "bagging" 
"dim" "dim" "[.table" "[" "simpleClassificationEntropy" "splitNumVar" "expandNode" "expandNode" "createDecisionTreeModel" "bagging" 
"[.factor" "[" "splitNumVar" "expandNode" "expandNode" "createDecisionTreeModel" "bagging" 
"[<-" "[<-.data.frame" "[<-" "bagging" 
"sort.int" "Ops.factor" "splitNumVar" "expandNode" "createDecisionTreeModel" "bagging" 
"match.arg" "sort.int" "Ops.factor" "splitNumVar" "expandNode" "createDecisionTreeModel" "bagging" 
"NextMethod" "[.factor" "[" "splitNumVar" "expandNode" "createDecisionTreeModel" "bagging" 
"match.arg" "sort.int" "Ops.factor" "splitNumVar" "expandNode" "createDecisionTreeModel" "bagging" 
"is.factor" "table" "simpleClassificationEntropy" "splitNumVar" "expandNode" "expandNode" "createDecisionTreeModel" "bagging" 
"match.arg" "table" "simpleClassificationEntropy" "splitNumVar" "expandNode" "expandNode" "createDecisionTreeModel" "bagging" 
"[<-.data.frame" "[<-" "bagging" 
"c" "eval" "eval" "match.arg" "sort.int" "Ops.factor" "splitNumVar" "expandNode" "createDecisionTreeModel" "bagging" 
"[.table" "[" "simpleClassificationEntropy" "splitNumVar" "expandNode" "createDecisionTreeModel" "bagging" 
"is.na" "sort.int" "Ops.factor" "splitNumVar" "expandNode" "createDecisionTreeModel" "bagging" 
"table" "simpleClassificationEntropy" "splitNumVar" "expandNode" "createDecisionTreeModel" "bagging" 
"levels" "noNA.levels" "Ops.factor" "splitNumVar" "expandNode" "expandNode" "createDecisionTreeModel" "bagging" 
"prod" "table" "simpleClassificationEntropy" "splitNumVar" "expandNode" "expandNode" "createDecisionTreeModel" "bagging" 
"anyDuplicated" "[.data.frame" "[" "bagging" 
"tabulate" "array" "table" "simpleClassificationEntropy" "splitNumVar" "expandNode" "createDecisionTreeModel" "bagging" 
"[.table" "[" "simpleClassificationEntropy" "splitNumVar" "expandNode" "createDecisionTreeModel" "bagging" 
"[.factor" "[" "splitNumVar" "expandNode" "createDecisionTreeModel" "bagging" 
"as.vector" "simpleClassificationEntropy" "splitNumVar" "expandNode" "createDecisionTreeModel" "bagging" 
"any" "noNA.levels" "Ops.factor" "splitNumVar" "expandNode" "expandNode" "createDecisionTreeModel" "bagging" 
"splitNumVar" "expandNode" "expandNode" "createDecisionTreeModel" "bagging" 
"length" "length" "FUN" "vapply" "[<-.data.frame" "[<-" "bagging" 
"sort.int" "Ops.factor" "splitNumVar" "expandNode" "createDecisionTreeModel" "bagging" 
"as.list" "list.names" "table" "simpleClassificationEntropy" "splitNumVar" "expandNode" "createDecisionTreeModel" "bagging" 
"[.factor" "[" "splitNumVar" "expandNode" "createDecisionTreeModel" "bagging" 
"table" "classificationEntropy" "expandNode" "createDecisionTreeModel" "bagging" 
"as.list" "list.names" "table" "simpleClassificationEntropy" "splitNumVar" "expandNode" "expandNode" "createDecisionTreeModel" "bagging" 
"c" "match.arg" "sort.int" "Ops.factor" "splitNumVar" "expandNode" "expandNode" "createDecisionTreeModel" "bagging" 
"[.data.frame" "[" "bagging" 
"is.factor" "sort.int" "Ops.factor" "splitNumVar" "expandNode" "createDecisionTreeModel" "bagging" 
"is.na" "is.na" "Ops.factor" "splitNumVar" "expandNode" "createDecisionTreeModel" "bagging" 
"all" "Ops.factor" "splitNumVar" "expandNode" "createDecisionTreeModel" "bagging" 
"apply" "unique.matrix" "unique" "factor" "table" "classificationEntropy" "expandNode" "createDecisionTreeModel" "bagging" 
"dim" "dim" "[.table" "[" "simpleClassificationEntropy" "splitNumVar" "expandNode" "expandNode" "createDecisionTreeModel" "bagging" 
"[" "splitNumVar" "expandNode" "expandNode" "createDecisionTreeModel" "bagging" 
"[<-.data.frame" "[<-" "bagging" 
"length" "[.table" "[" "simpleClassificationEntropy" "splitNumVar" "expandNode" "createDecisionTreeModel" "bagging" 
"is.na" "is.na" "Ops.factor" "splitNumVar" "expandNode" "createDecisionTreeModel" "bagging" 
"attr" "[.factor" "[" "splitNumVar" "expandNode" "createDecisionTreeModel" "bagging" 
"t" "classificationEntropy" "expandNode" "createDecisionTreeModel" "bagging" 
"anyDuplicated" "[.data.frame" "[" "[.data.frame" "[" "expandNode" "expandNode" "createDecisionTreeModel" "bagging" 
"formals" "match.arg" "table" "simpleClassificationEntropy" "splitNumVar" "expandNode" "expandNode" "createDecisionTreeModel" "bagging" 
"[.data.frame" "[" "bagging" 
"formals" "match.arg" "sort.int" "Ops.factor" "splitNumVar" "expandNode" "createDecisionTreeModel" "bagging" 
"NextMethod" "[.table" "[" "simpleClassificationEntropy" "splitNumVar" "expandNode" "createDecisionTreeModel" "bagging" 
"anyDuplicated" "[.data.frame" "[" "[.data.frame" "[" "expandNode" "createDecisionTreeModel" "bagging" 
"[.factor" "[" "splitNumVar" "expandNode" "createDecisionTreeModel" "bagging" 
"eval" "match.arg" "sort.int" "Ops.factor" "splitNumVar" "expandNode" "expandNode" "createDecisionTreeModel" "bagging" 
"apply" "unique.matrix" "unique" "factor" "table" "classificationEntropy" "expandNode" "expandNode" "createDecisionTreeModel" "bagging" 
